# JRE version: Java(TM) SE Runtime Environment (9.0+11) (build 9.0.4+11)
# Java VM: Java HotSpot(TM) 64-Bit Server VM (9.0.4+11, mixed mode, tiered, compressed oops, g1 gc, windows-amd64)
Heap:
 garbage-first heap   total 569344K, used 241452K [0x0000000700000000, 0x0000000700101160, 0x00000007c0000000)
  region size 1024K, 36 young (36864K), 5 survivors (5120K)
 Metaspace       used 109522K, capacity 113655K, committed 117376K, reserved 1148928K
  class space    used 16020K, capacity 16774K, committed 17536K, reserved 1048576K
GC Heap History (10 events):
Event: 15638.260 GC heap before
{Heap before GC invocations=1524 (full 87):
 garbage-first heap   total 569344K, used 266906K [0x0000000700000000, 0x0000000700101160, 0x00000007c0000000)
  region size 1024K, 60 young (61440K), 5 survivors (5120K)
 Metaspace       used 109522K, capacity 113655K, committed 117376K, reserved 1148928K
  class space    used 16020K, capacity 16774K, committed 17536K, reserved 1048576K
}
Event: 15638.263 GC heap after
{Heap after GC invocations=1525 (full 87):
 garbage-first heap   total 569344K, used 210484K [0x0000000700000000, 0x0000000700101160, 0x00000007c0000000)
  region size 1024K, 4 young (4096K), 4 survivors (4096K)
 Metaspace       used 109522K, capacity 113655K, committed 117376K, reserved 1148928K
  class space    used 16020K, capacity 16774K, committed 17536K, reserved 1048576K
}
Event: 15638.297 GC heap before
{Heap before GC invocations=1525 (full 87):
 garbage-first heap   total 569344K, used 267828K [0x0000000700000000, 0x0000000700101160, 0x00000007c0000000)
  region size 1024K, 60 young (61440K), 4 survivors (4096K)
 Metaspace       used 109522K, capacity 113655K, committed 117376K, reserved 1148928K
  class space    used 16020K, capacity 16774K, committed 17536K, reserved 1048576K
}
Event: 15638.300 GC heap after
{Heap after GC invocations=1526 (full 87):
 garbage-first heap   total 569344K, used 210553K [0x0000000700000000, 0x0000000700101160, 0x00000007c0000000)
  region size 1024K, 5 young (5120K), 5 survivors (5120K)
 Metaspace       used 109522K, capacity 113655K, committed 117376K, reserved 1148928K
  class space    used 16020K, capacity 16774K, committed 17536K, reserved 1048576K
}
Event: 15638.335 GC heap before
{Heap before GC invocations=1526 (full 87):
 garbage-first heap   total 569344K, used 266873K [0x0000000700000000, 0x0000000700101160, 0x00000007c0000000)
  region size 1024K, 60 young (61440K), 5 survivors (5120K)
 Metaspace       used 109522K, capacity 113655K, committed 117376K, reserved 1148928K
  class space    used 16020K, capacity 16774K, committed 17536K, reserved 1048576K
}
Event: 15638.337 GC heap after
{Heap after GC invocations=1527 (full 87):
 garbage-first heap   total 569344K, used 210554K [0x0000000700000000, 0x0000000700101160, 0x00000007c0000000)
  region size 1024K, 5 young (5120K), 5 survivors (5120K)
 Metaspace       used 109522K, capacity 113655K, committed 117376K, reserved 1148928K
  class space    used 16020K, capacity 16774K, committed 17536K, reserved 1048576K
}
Event: 15638.371 GC heap before
{Heap before GC invocations=1527 (full 87):
 garbage-first heap   total 569344K, used 266874K [0x0000000700000000, 0x0000000700101160, 0x00000007c0000000)
  region size 1024K, 60 young (61440K), 5 survivors (5120K)
 Metaspace       used 109522K, capacity 113655K, committed 117376K, reserved 1148928K
  class space    used 16020K, capacity 16774K, committed 17536K, reserved 1048576K
}
Event: 15638.374 GC heap after
{Heap after GC invocations=1528 (full 87):
 garbage-first heap   total 569344K, used 210554K [0x0000000700000000, 0x0000000700101160, 0x00000007c0000000)
  region size 1024K, 5 young (5120K), 5 survivors (5120K)
 Metaspace       used 109522K, capacity 113655K, committed 117376K, reserved 1148928K
  class space    used 16020K, capacity 16774K, committed 17536K, reserved 1048576K
}
Event: 15638.403 GC heap before
{Heap before GC invocations=1528 (full 87):
 garbage-first heap   total 569344K, used 266874K [0x0000000700000000, 0x0000000700101160, 0x00000007c0000000)
  region size 1024K, 60 young (61440K), 5 survivors (5120K)
 Metaspace       used 109522K, capacity 113655K, committed 117376K, reserved 1148928K
  class space    used 16020K, capacity 16774K, committed 17536K, reserved 1048576K
}
Event: 15638.405 GC heap after
{Heap after GC invocations=1529 (full 87):
 garbage-first heap   total 569344K, used 210732K [0x0000000700000000, 0x0000000700101160, 0x00000007c0000000)
  region size 1024K, 5 young (5120K), 5 survivors (5120K)
 Metaspace       used 109522K, capacity 113655K, committed 117376K, reserved 1148928K
  class space    used 16020K, capacity 16774K, committed 17536K, reserved 1048576K
}

